<?xml version="1.0" encoding="UTF-8"?>
<Site BuildName="(empty)"
	BuildStamp="20260901-2116-Experimental"
	Name="(empty)"
	Generator="ctest-4.4.2"
	CompilerName=""
	CompilerVersion=""
	OSName="Windows"
	Hostname="LAPTOP-H0ROJD9M"
	OSRelease="10.0.19045"
	OSVersion="Windows 10"
	OSPlatform="AMD64"
	Is64Bits="1"
	VendorString=""
	VendorID="Unknown Manufacturer"
	FamilyID="0"
	ModelID="0"
	ModelName=""
	ProcessorCacheSize="0"
	NumberOfLogicalCPU="12"
	NumberOfPhysicalCPU="6"
	TotalVirtualMemory="3072"
	TotalPhysicalMemory="16191"
	LogicalProcessorsPerPhysical="2"
	ProcessorClockFrequency="2208.000000"
	>
	<Testing>
		<StartDateTime>Sep 02 00:11 W. Europe Daylight Time</StartDateTime>
		<StartTestTime>1788300680</StartTestTime>
		<TestList>
			<Test>./Letter_exists_in_word</Test>
		</TestList>
		<Test Status="passed">
			<Name>Letter exists in word</Name>
			<Path>.</Path>
			<FullName>./Letter_exists_in_word</FullName>
			<FullCommandLine>D:\Projects\hangman-cpp\build\hangman_tests.exe "Letter exists in word"</FullCommandLine>
			<StartTestTime>1788300680.512908</StartTestTime>
			<Results>
				<NamedMeasurement type="numeric/double" name="Execution Time">
					<Value>0.335675</Value>
				</NamedMeasurement>
				<NamedMeasurement type="numeric/double" name="Processors">
					<Value>1</Value>
				</NamedMeasurement>
				<NamedMeasurement type="text/string" name="Completion Status">
					<Value>Completed</Value>
				</NamedMeasurement>
				<NamedMeasurement type="text/string" name="Command Line">
					<Value>D:\Projects\hangman-cpp\build\hangman_tests.exe "Letter exists in word"</Value>
				</NamedMeasurement>
				<NamedMeasurement type="text/string" name="Environment">
					<Value>#CTEST_RESOURCE_GROUP_COUNT=</Value>
				</NamedMeasurement>
				<Measurement>
					<Value encoding="base64" compression="gzip">eJxzy8wpSS0qtlJQ8kktAbIUUisyi0uKFTLzFMrzi1KUuIIS81Lyc/NSi4sVilNTU1JTFEryrRSMTI0tTY0MzI3MuWypC7gcc3IUSlJBbihILC4G2qdhqABiFJVk5ueB3GUIllZITixO1eTiAgDJlzgV====</Value>
				</Measurement>
			</Results>
		</Test>
		<EndDateTime>Sep 02 00:11 W. Europe Daylight Time</EndDateTime>
		<EndTestTime>1788300680</EndTestTime>
		<ElapsedMinutes>0</ElapsedMinutes>
	</Testing>
</Site>
